<?xml version="1.0" encoding="UTF-8"?>
<testng-results ignored="0" total="1" passed="1" failed="0" skipped="0">
  <reporter-output>
  </reporter-output>
  <suite started-at="2024-01-31T22:20:31 IST" name="Default suite" finished-at="2024-01-31T22:20:34 IST" duration-ms="2973">
    <groups>
    </groups>
    <test started-at="2024-01-31T22:20:31 IST" name="Default test" finished-at="2024-01-31T22:20:34 IST" duration-ms="2973">
      <class name="exc.f2">
        <test-method signature="t1()[pri:0, instance:exc.f2@1700915]" started-at="2024-01-31T22:20:31 IST" name="t1" finished-at="2024-01-31T22:20:34 IST" duration-ms="2859" status="PASS">
          <reporter-output>
          </reporter-output>
        </test-method> <!-- t1 -->
      </class> <!-- exc.f2 -->
    </test> <!-- Default test -->
  </suite> <!-- Default suite -->
</testng-results>
